# Push Log for vitae.thefoldwithin.earth
# Generated by gitfield-sync

[2025-06-11T22:22:30Z] Local: , Branch=master, Commit=7efcbd5
  Diff Summary:
     docs/integrity.sha256 | 11 +++++++++++
     1 file changed, 11 insertions(+)
[2025-06-11T22:22:51Z] Radicle: RID=rad:z3FEj7rF8gZw9eFksCuiN43qjzrex, Peer ID=z6Mkw5s3ppo26C7y7tGK5MD8n2GqTHS582PPpeX5Xqbu2Mpz, Branch=master, Commit=7efcbd5
  CLI: rad inspect rad:z3FEj7rF8gZw9eFksCuiN43qjzrex # View project details
  CLI: git ls-tree -r --name-only HEAD # View file structure
  Diff Summary:
     .gitfield/radicle.sigil.md | 67 ++++++++++++++++++++++++++++++++++++++++++++++
     1 file changed, 67 insertions(+)
[2025-06-11T22:22:54Z] Forgejo: https://remember.thefoldwithin.earth/mrhavens/vitae.thefoldwithin.earth, Branch=master, Commit=7efcbd5
  Diff Summary:
     .gitfield/remember.sigil.md | 59 +++++++++++++++++++++++++++++++++++++++++++++
     1 file changed, 59 insertions(+)
[2025-06-11T22:23:03Z] Codeberg: https://codeberg.org/mrhavens/vitae.thefoldwithin.earth, Branch=master, Commit=7efcbd5
  Diff Summary:
     .gitfield/codeberg.sigil.md | 59 +++++++++++++++++++++++++++++++++++++++++++++
     1 file changed, 59 insertions(+)
[2025-06-11T22:23:05Z] Gitea: https://gitea.com/mrhavens/vitae.thefoldwithin.earth, Branch=master, Commit=7efcbd5
  Diff Summary:
     .gitfield/pushed.log | 4 ++++
     1 file changed, 4 insertions(+)
[2025-06-11T22:23:16Z] GitLab: https://gitlab.com/mrhavens/vitae.thefoldwithin.earth, Branch=master, Commit=7efcbd5
  Diff Summary:
     .gitfield/gitlab.sigil.md | 59 +++++++++++++++++++++++++++++++++++++++++++++++
     1 file changed, 59 insertions(+)
[2025-06-11T22:23:27Z] Bitbucket: https://bitbucket.org/thefoldwithin/vitae.thefoldwithin.earth, Branch=master, Commit=7efcbd5
  Diff Summary:
     .gitfield/bitbucket.sigil.md | 59 ++++++++++++++++++++++++++++++++++++++++++++
     1 file changed, 59 insertions(+)
[2025-06-11T22:23:35Z] GitHub: https://github.com/mrhavens/vitae.thefoldwithin.earth, Branch=master, Commit=7efcbd5
  Diff Summary:
     .gitfield/github.sigil.md | 59 +++++++++++++++++++++++++++++++++++++++++++++++
     1 file changed, 59 insertions(+)
[2025-06-11T22:23:35Z] Local: , Branch=master, Commit=7efcbd5
  Diff Summary:
     .gitfield/local.sigil.md | 59 ++++++++++++++++++++++++++++++++++++++++++++++++
     1 file changed, 59 insertions(+)
